Determining if files dns_sd.h exist failed with the following output:
Change Dir: /home/chryel/Documents/Senior_Design/code/player-3.0.2/build/CMakeFiles/CMakeTmp

Run Build Command:/usr/bin/make "cmTryCompileExec1731557780/fast"
/usr/bin/make -f CMakeFiles/cmTryCompileExec1731557780.dir/build.make CMakeFiles/cmTryCompileExec1731557780.dir/build
make[1]: Entering directory `/home/chryel/Documents/Senior_Design/code/player-3.0.2/build/CMakeFiles/CMakeTmp'
/usr/bin/cmake -E cmake_progress_report /home/chryel/Documents/Senior_Design/code/player-3.0.2/build/CMakeFiles/CMakeTmp/CMakeFiles 1
Building C object CMakeFiles/cmTryCompileExec1731557780.dir/CheckIncludeFiles.c.o
/usr/bin/cc   -Wall    -o CMakeFiles/cmTryCompileExec1731557780.dir/CheckIncludeFiles.c.o   -c /home/chryel/Documents/Senior_Design/code/player-3.0.2/build/CMakeFiles/CMakeTmp/CheckIncludeFiles.c
/home/chryel/Documents/Senior_Design/code/player-3.0.2/build/CMakeFiles/CMakeTmp/CheckIncludeFiles.c:2:20: fatal error: dns_sd.h: No such file or directory
 #include <dns_sd.h>
                    ^
compilation terminated.
make[1]: Leaving directory `/home/chryel/Documents/Senior_Design/code/player-3.0.2/build/CMakeFiles/CMakeTmp'
make[1]: *** [CMakeFiles/cmTryCompileExec1731557780.dir/CheckIncludeFiles.c.o] Error 1
make: *** [cmTryCompileExec1731557780/fast] Error 2

Source:
/* */
#include <dns_sd.h>


int main(){return 0;}

Determining if files sys/filio.h exist failed with the following output:
Change Dir: /home/chryel/Documents/Senior_Design/code/player-3.0.2/build/CMakeFiles/CMakeTmp

Run Build Command:/usr/bin/make "cmTryCompileExec1522735219/fast"
/usr/bin/make -f CMakeFiles/cmTryCompileExec1522735219.dir/build.make CMakeFiles/cmTryCompileExec1522735219.dir/build
make[1]: Entering directory `/home/chryel/Documents/Senior_Design/code/player-3.0.2/build/CMakeFiles/CMakeTmp'
/usr/bin/cmake -E cmake_progress_report /home/chryel/Documents/Senior_Design/code/player-3.0.2/build/CMakeFiles/CMakeTmp/CMakeFiles 1
Building C object CMakeFiles/cmTryCompileExec1522735219.dir/CheckIncludeFiles.c.o
/usr/bin/cc   -Wall    -o CMakeFiles/cmTryCompileExec1522735219.dir/CheckIncludeFiles.c.o   -c /home/chryel/Documents/Senior_Design/code/player-3.0.2/build/CMakeFiles/CMakeTmp/CheckIncludeFiles.c
/home/chryel/Documents/Senior_Design/code/player-3.0.2/build/CMakeFiles/CMakeTmp/CheckIncludeFiles.c:2:23: fatal error: sys/filio.h: No such file or directory
 #include <sys/filio.h>
                       ^
compilation terminated.
make[1]: *** [CMakeFiles/cmTryCompileExec1522735219.dir/CheckIncludeFiles.c.o] Error 1
make[1]: Leaving directory `/home/chryel/Documents/Senior_Design/code/player-3.0.2/build/CMakeFiles/CMakeTmp'
make: *** [cmTryCompileExec1522735219/fast] Error 2

Source:
/* */
#include <sys/filio.h>


int main(){return 0;}

Determining if files ieeefp.h exist failed with the following output:
Change Dir: /home/chryel/Documents/Senior_Design/code/player-3.0.2/build/CMakeFiles/CMakeTmp

Run Build Command:/usr/bin/make "cmTryCompileExec1572287093/fast"
/usr/bin/make -f CMakeFiles/cmTryCompileExec1572287093.dir/build.make CMakeFiles/cmTryCompileExec1572287093.dir/build
make[1]: Entering directory `/home/chryel/Documents/Senior_Design/code/player-3.0.2/build/CMakeFiles/CMakeTmp'
/usr/bin/cmake -E cmake_progress_report /home/chryel/Documents/Senior_Design/code/player-3.0.2/build/CMakeFiles/CMakeTmp/CMakeFiles 1
Building C object CMakeFiles/cmTryCompileExec1572287093.dir/CheckIncludeFiles.c.o
/usr/bin/cc   -Wall    -o CMakeFiles/cmTryCompileExec1572287093.dir/CheckIncludeFiles.c.o   -c /home/chryel/Documents/Senior_Design/code/player-3.0.2/build/CMakeFiles/CMakeTmp/CheckIncludeFiles.c
/home/chryel/Documents/Senior_Design/code/player-3.0.2/build/CMakeFiles/CMakeTmp/CheckIncludeFiles.c:2:20: fatal error: ieeefp.h: No such file or directory
 #include <ieeefp.h>
                    ^
compilation terminated.
make[1]: *** [CMakeFiles/cmTryCompileExec1572287093.dir/CheckIncludeFiles.c.o] Error 1
make[1]: Leaving directory `/home/chryel/Documents/Senior_Design/code/player-3.0.2/build/CMakeFiles/CMakeTmp'
make: *** [cmTryCompileExec1572287093/fast] Error 2

Source:
/* */
#include <ieeefp.h>


int main(){return 0;}

Determining if the function GEOSGeomFromWKB_buf exists in the geos_c failed with the following output:
Change Dir: /home/chryel/Documents/Senior_Design/code/player-3.0.2/build/CMakeFiles/CMakeTmp

Run Build Command:/usr/bin/make "cmTryCompileExec3744914735/fast"
/usr/bin/make -f CMakeFiles/cmTryCompileExec3744914735.dir/build.make CMakeFiles/cmTryCompileExec3744914735.dir/build
make[1]: Entering directory `/home/chryel/Documents/Senior_Design/code/player-3.0.2/build/CMakeFiles/CMakeTmp'
/usr/bin/cmake -E cmake_progress_report /home/chryel/Documents/Senior_Design/code/player-3.0.2/build/CMakeFiles/CMakeTmp/CMakeFiles 1
Building C object CMakeFiles/cmTryCompileExec3744914735.dir/CheckFunctionExists.c.o
/usr/bin/cc   -Wall -DCHECK_FUNCTION_EXISTS=GEOSGeomFromWKB_buf   -o CMakeFiles/cmTryCompileExec3744914735.dir/CheckFunctionExists.c.o   -c /usr/share/cmake-2.8/Modules/CheckFunctionExists.c
Linking C executable cmTryCompileExec3744914735
/usr/bin/cmake -E cmake_link_script CMakeFiles/cmTryCompileExec3744914735.dir/link.txt --verbose=1
/usr/bin/cc   -Wall -DCHECK_FUNCTION_EXISTS=GEOSGeomFromWKB_buf    CMakeFiles/cmTryCompileExec3744914735.dir/CheckFunctionExists.c.o  -o cmTryCompileExec3744914735 -rdynamic -lgeos_c 
/usr/bin/ld: cannot find -lgeos_c
collect2: error: ld returned 1 exit status
make[1]: Leaving directory `/home/chryel/Documents/Senior_Design/code/player-3.0.2/build/CMakeFiles/CMakeTmp'
make[1]: *** [cmTryCompileExec3744914735] Error 1
make: *** [cmTryCompileExec3744914735/fast] Error 2


Determining if the system is big endian passed with the following output:
Change Dir: /home/chryel/Documents/Senior_Design/code/player-3.0.2/build/CMakeFiles/CMakeTmp

Run Build Command:/usr/bin/make "cmTryCompileExec79754749/fast"
/usr/bin/make -f CMakeFiles/cmTryCompileExec79754749.dir/build.make CMakeFiles/cmTryCompileExec79754749.dir/build
make[1]: Entering directory `/home/chryel/Documents/Senior_Design/code/player-3.0.2/build/CMakeFiles/CMakeTmp'
/usr/bin/cmake -E cmake_progress_report /home/chryel/Documents/Senior_Design/code/player-3.0.2/build/CMakeFiles/CMakeTmp/CMakeFiles 1
Building C object CMakeFiles/cmTryCompileExec79754749.dir/TestEndianess.c.o
/usr/bin/cc   -Wall    -o CMakeFiles/cmTryCompileExec79754749.dir/TestEndianess.c.o   -c /home/chryel/Documents/Senior_Design/code/player-3.0.2/build/CMakeFiles/CMakeTmp/TestEndianess.c
Linking C executable cmTryCompileExec79754749
/usr/bin/cmake -E cmake_link_script CMakeFiles/cmTryCompileExec79754749.dir/link.txt --verbose=1
/usr/bin/cc   -Wall     CMakeFiles/cmTryCompileExec79754749.dir/TestEndianess.c.o  -o cmTryCompileExec79754749 -rdynamic 
make[1]: Leaving directory `/home/chryel/Documents/Senior_Design/code/player-3.0.2/build/CMakeFiles/CMakeTmp'

TestEndianess.c:
/* A 16 bit integer is required. */
typedef unsigned short cmakeint16;

/* On a little endian machine, these 16bit ints will give "THIS IS LITTLE ENDIAN."
   On a big endian machine the characters will be exchanged pairwise. */
const cmakeint16 info_little[] =  {0x4854, 0x5349, 0x4920, 0x2053, 0x494c, 0x5454, 0x454c, 0x4520, 0x444e, 0x4149, 0x2e4e, 0x0000};

/* on a big endian machine, these 16bit ints will give "THIS IS BIG ENDIAN."
   On a little endian machine the characters will be exchanged pairwise. */
const cmakeint16 info_big[] =     {0x5448, 0x4953, 0x2049, 0x5320, 0x4249, 0x4720, 0x454e, 0x4449, 0x414e, 0x2e2e, 0x0000};

#ifdef __CLASSIC_C__
int main(argc, argv) int argc; char *argv[];
#else
int main(int argc, char *argv[])
#endif
{
  int require = 0;
  require += info_little[argc];
  require += info_big[argc];
  (void)argv;
  return require;
}


Determining if the include file Device.h exists failed with the following output:
Change Dir: /home/chryel/Documents/Senior_Design/code/player-3.0.2/build/CMakeFiles/CMakeTmp

Run Build Command:/usr/bin/make "cmTryCompileExec3985543142/fast"
/usr/bin/make -f CMakeFiles/cmTryCompileExec3985543142.dir/build.make CMakeFiles/cmTryCompileExec3985543142.dir/build
make[1]: Entering directory `/home/chryel/Documents/Senior_Design/code/player-3.0.2/build/CMakeFiles/CMakeTmp'
/usr/bin/cmake -E cmake_progress_report /home/chryel/Documents/Senior_Design/code/player-3.0.2/build/CMakeFiles/CMakeTmp/CMakeFiles 1
Building CXX object CMakeFiles/cmTryCompileExec3985543142.dir/CheckIncludeFile.cxx.o
/usr/bin/c++   -DLINUX -DUNIX -D__LINUX__ -Wall    -o CMakeFiles/cmTryCompileExec3985543142.dir/CheckIncludeFile.cxx.o -c /home/chryel/Documents/Senior_Design/code/player-3.0.2/build/CMakeFiles/CMakeTmp/CheckIncludeFile.cxx
/home/chryel/Documents/Senior_Design/code/player-3.0.2/build/CMakeFiles/CMakeTmp/CheckIncludeFile.cxx:1:20: fatal error: Device.h: No such file or directory
 #include <Device.h>
                    ^
compilation terminated.
make[1]: *** [CMakeFiles/cmTryCompileExec3985543142.dir/CheckIncludeFile.cxx.o] Error 1
make[1]: Leaving directory `/home/chryel/Documents/Senior_Design/code/player-3.0.2/build/CMakeFiles/CMakeTmp'
make: *** [cmTryCompileExec3985543142/fast] Error 2


Determining if files sys/types.h;linux/videodev.h exist failed with the following output:
Change Dir: /home/chryel/Documents/Senior_Design/code/player-3.0.2/build/CMakeFiles/CMakeTmp

Run Build Command:/usr/bin/make "cmTryCompileExec1727326683/fast"
/usr/bin/make -f CMakeFiles/cmTryCompileExec1727326683.dir/build.make CMakeFiles/cmTryCompileExec1727326683.dir/build
make[1]: Entering directory `/home/chryel/Documents/Senior_Design/code/player-3.0.2/build/CMakeFiles/CMakeTmp'
/usr/bin/cmake -E cmake_progress_report /home/chryel/Documents/Senior_Design/code/player-3.0.2/build/CMakeFiles/CMakeTmp/CMakeFiles 1
Building C object CMakeFiles/cmTryCompileExec1727326683.dir/CheckIncludeFiles.c.o
/usr/bin/cc   -Wall    -o CMakeFiles/cmTryCompileExec1727326683.dir/CheckIncludeFiles.c.o   -c /home/chryel/Documents/Senior_Design/code/player-3.0.2/build/CMakeFiles/CMakeTmp/CheckIncludeFiles.c
/home/chryel/Documents/Senior_Design/code/player-3.0.2/build/CMakeFiles/CMakeTmp/CheckIncludeFiles.c:3:28: fatal error: linux/videodev.h: No such file or directory
 #include <linux/videodev.h>
                            ^
compilation terminated.
make[1]: Leaving directory `/home/chryel/Documents/Senior_Design/code/player-3.0.2/build/CMakeFiles/CMakeTmp'
make[1]: *** [CMakeFiles/cmTryCompileExec1727326683.dir/CheckIncludeFiles.c.o] Error 1
make: *** [cmTryCompileExec1727326683/fast] Error 2

Source:
/* */
#include <sys/types.h>
#include <linux/videodev.h>


int main(){return 0;}

Determining if files dc1394/control.h exist failed with the following output:
Change Dir: /home/chryel/Documents/Senior_Design/code/player-3.0.2/build/CMakeFiles/CMakeTmp

Run Build Command:/usr/bin/make "cmTryCompileExec3590797144/fast"
/usr/bin/make -f CMakeFiles/cmTryCompileExec3590797144.dir/build.make CMakeFiles/cmTryCompileExec3590797144.dir/build
make[1]: Entering directory `/home/chryel/Documents/Senior_Design/code/player-3.0.2/build/CMakeFiles/CMakeTmp'
/usr/bin/cmake -E cmake_progress_report /home/chryel/Documents/Senior_Design/code/player-3.0.2/build/CMakeFiles/CMakeTmp/CMakeFiles 1
Building C object CMakeFiles/cmTryCompileExec3590797144.dir/CheckIncludeFiles.c.o
/usr/bin/cc   -Wall    -o CMakeFiles/cmTryCompileExec3590797144.dir/CheckIncludeFiles.c.o   -c /home/chryel/Documents/Senior_Design/code/player-3.0.2/build/CMakeFiles/CMakeTmp/CheckIncludeFiles.c
/home/chryel/Documents/Senior_Design/code/player-3.0.2/build/CMakeFiles/CMakeTmp/CheckIncludeFiles.c:2:28: fatal error: dc1394/control.h: No such file or directory
 #include <dc1394/control.h>
                            ^
compilation terminated.
make[1]: *** [CMakeFiles/cmTryCompileExec3590797144.dir/CheckIncludeFiles.c.o] Error 1
make[1]: Leaving directory `/home/chryel/Documents/Senior_Design/code/player-3.0.2/build/CMakeFiles/CMakeTmp'
make: *** [cmTryCompileExec3590797144/fast] Error 2

Source:
/* */
#include <dc1394/control.h>


int main(){return 0;}

Determining if files libraw1394/raw1394.h exist failed with the following output:
Change Dir: /home/chryel/Documents/Senior_Design/code/player-3.0.2/build/CMakeFiles/CMakeTmp

Run Build Command:/usr/bin/make "cmTryCompileExec2960484669/fast"
/usr/bin/make -f CMakeFiles/cmTryCompileExec2960484669.dir/build.make CMakeFiles/cmTryCompileExec2960484669.dir/build
make[1]: Entering directory `/home/chryel/Documents/Senior_Design/code/player-3.0.2/build/CMakeFiles/CMakeTmp'
/usr/bin/cmake -E cmake_progress_report /home/chryel/Documents/Senior_Design/code/player-3.0.2/build/CMakeFiles/CMakeTmp/CMakeFiles 1
Building C object CMakeFiles/cmTryCompileExec2960484669.dir/CheckIncludeFiles.c.o
/usr/bin/cc   -Wall    -o CMakeFiles/cmTryCompileExec2960484669.dir/CheckIncludeFiles.c.o   -c /home/chryel/Documents/Senior_Design/code/player-3.0.2/build/CMakeFiles/CMakeTmp/CheckIncludeFiles.c
/home/chryel/Documents/Senior_Design/code/player-3.0.2/build/CMakeFiles/CMakeTmp/CheckIncludeFiles.c:2:32: fatal error: libraw1394/raw1394.h: No such file or directory
 #include <libraw1394/raw1394.h>
                                ^
compilation terminated.
make[1]: Leaving directory `/home/chryel/Documents/Senior_Design/code/player-3.0.2/build/CMakeFiles/CMakeTmp'
make[1]: *** [CMakeFiles/cmTryCompileExec2960484669.dir/CheckIncludeFiles.c.o] Error 1
make: *** [cmTryCompileExec2960484669/fast] Error 2

Source:
/* */
#include <libraw1394/raw1394.h>


int main(){return 0;}

Determining if files libdc1394/dc1394_control.h exist failed with the following output:
Change Dir: /home/chryel/Documents/Senior_Design/code/player-3.0.2/build/CMakeFiles/CMakeTmp

Run Build Command:/usr/bin/make "cmTryCompileExec3984440227/fast"
/usr/bin/make -f CMakeFiles/cmTryCompileExec3984440227.dir/build.make CMakeFiles/cmTryCompileExec3984440227.dir/build
make[1]: Entering directory `/home/chryel/Documents/Senior_Design/code/player-3.0.2/build/CMakeFiles/CMakeTmp'
/usr/bin/cmake -E cmake_progress_report /home/chryel/Documents/Senior_Design/code/player-3.0.2/build/CMakeFiles/CMakeTmp/CMakeFiles 1
Building C object CMakeFiles/cmTryCompileExec3984440227.dir/CheckIncludeFiles.c.o
/usr/bin/cc   -Wall    -o CMakeFiles/cmTryCompileExec3984440227.dir/CheckIncludeFiles.c.o   -c /home/chryel/Documents/Senior_Design/code/player-3.0.2/build/CMakeFiles/CMakeTmp/CheckIncludeFiles.c
/home/chryel/Documents/Senior_Design/code/player-3.0.2/build/CMakeFiles/CMakeTmp/CheckIncludeFiles.c:2:38: fatal error: libdc1394/dc1394_control.h: No such file or directory
 #include <libdc1394/dc1394_control.h>
                                      ^
compilation terminated.
make[1]: Leaving directory `/home/chryel/Documents/Senior_Design/code/player-3.0.2/build/CMakeFiles/CMakeTmp'
make[1]: *** [CMakeFiles/cmTryCompileExec3984440227.dir/CheckIncludeFiles.c.o] Error 1
make: *** [cmTryCompileExec3984440227/fast] Error 2

Source:
/* */
#include <libdc1394/dc1394_control.h>


int main(){return 0;}

Determining if files yarp/os/all.h exist failed with the following output:
Change Dir: /home/chryel/Documents/Senior_Design/code/player-3.0.2/build/CMakeFiles/CMakeTmp

Run Build Command:/usr/bin/make "cmTryCompileExec3331896524/fast"
/usr/bin/make -f CMakeFiles/cmTryCompileExec3331896524.dir/build.make CMakeFiles/cmTryCompileExec3331896524.dir/build
make[1]: Entering directory `/home/chryel/Documents/Senior_Design/code/player-3.0.2/build/CMakeFiles/CMakeTmp'
/usr/bin/cmake -E cmake_progress_report /home/chryel/Documents/Senior_Design/code/player-3.0.2/build/CMakeFiles/CMakeTmp/CMakeFiles 1
Building C object CMakeFiles/cmTryCompileExec3331896524.dir/CheckIncludeFiles.c.o
/usr/bin/cc   -Wall    -o CMakeFiles/cmTryCompileExec3331896524.dir/CheckIncludeFiles.c.o   -c /home/chryel/Documents/Senior_Design/code/player-3.0.2/build/CMakeFiles/CMakeTmp/CheckIncludeFiles.c
/home/chryel/Documents/Senior_Design/code/player-3.0.2/build/CMakeFiles/CMakeTmp/CheckIncludeFiles.c:2:25: fatal error: yarp/os/all.h: No such file or directory
 #include <yarp/os/all.h>
                         ^
compilation terminated.
make[1]: Leaving directory `/home/chryel/Documents/Senior_Design/code/player-3.0.2/build/CMakeFiles/CMakeTmp'
make[1]: *** [CMakeFiles/cmTryCompileExec3331896524.dir/CheckIncludeFiles.c.o] Error 1
make: *** [cmTryCompileExec3331896524/fast] Error 2

Source:
/* */
#include <yarp/os/all.h>


int main(){return 0;}

Determining if files yarp/sig/all.h exist failed with the following output:
Change Dir: /home/chryel/Documents/Senior_Design/code/player-3.0.2/build/CMakeFiles/CMakeTmp

Run Build Command:/usr/bin/make "cmTryCompileExec3186798965/fast"
/usr/bin/make -f CMakeFiles/cmTryCompileExec3186798965.dir/build.make CMakeFiles/cmTryCompileExec3186798965.dir/build
make[1]: Entering directory `/home/chryel/Documents/Senior_Design/code/player-3.0.2/build/CMakeFiles/CMakeTmp'
/usr/bin/cmake -E cmake_progress_report /home/chryel/Documents/Senior_Design/code/player-3.0.2/build/CMakeFiles/CMakeTmp/CMakeFiles 1
Building C object CMakeFiles/cmTryCompileExec3186798965.dir/CheckIncludeFiles.c.o
/usr/bin/cc   -Wall    -o CMakeFiles/cmTryCompileExec3186798965.dir/CheckIncludeFiles.c.o   -c /home/chryel/Documents/Senior_Design/code/player-3.0.2/build/CMakeFiles/CMakeTmp/CheckIncludeFiles.c
/home/chryel/Documents/Senior_Design/code/player-3.0.2/build/CMakeFiles/CMakeTmp/CheckIncludeFiles.c:2:26: fatal error: yarp/sig/all.h: No such file or directory
 #include <yarp/sig/all.h>
                          ^
compilation terminated.
make[1]: Leaving directory `/home/chryel/Documents/Senior_Design/code/player-3.0.2/build/CMakeFiles/CMakeTmp'
make[1]: *** [CMakeFiles/cmTryCompileExec3186798965.dir/CheckIncludeFiles.c.o] Error 1
make: *** [cmTryCompileExec3186798965/fast] Error 2

Source:
/* */
#include <yarp/sig/all.h>


int main(){return 0;}

Determining if files unicap.h exist failed with the following output:
Change Dir: /home/chryel/Documents/Senior_Design/code/player-3.0.2/build/CMakeFiles/CMakeTmp

Run Build Command:/usr/bin/make "cmTryCompileExec1379510419/fast"
/usr/bin/make -f CMakeFiles/cmTryCompileExec1379510419.dir/build.make CMakeFiles/cmTryCompileExec1379510419.dir/build
make[1]: Entering directory `/home/chryel/Documents/Senior_Design/code/player-3.0.2/build/CMakeFiles/CMakeTmp'
/usr/bin/cmake -E cmake_progress_report /home/chryel/Documents/Senior_Design/code/player-3.0.2/build/CMakeFiles/CMakeTmp/CMakeFiles 1
Building C object CMakeFiles/cmTryCompileExec1379510419.dir/CheckIncludeFiles.c.o
/usr/bin/cc   -Wall    -o CMakeFiles/cmTryCompileExec1379510419.dir/CheckIncludeFiles.c.o   -c /home/chryel/Documents/Senior_Design/code/player-3.0.2/build/CMakeFiles/CMakeTmp/CheckIncludeFiles.c
/home/chryel/Documents/Senior_Design/code/player-3.0.2/build/CMakeFiles/CMakeTmp/CheckIncludeFiles.c:2:20: fatal error: unicap.h: No such file or directory
 #include <unicap.h>
                    ^
compilation terminated.
make[1]: Leaving directory `/home/chryel/Documents/Senior_Design/code/player-3.0.2/build/CMakeFiles/CMakeTmp'
make[1]: *** [CMakeFiles/cmTryCompileExec1379510419.dir/CheckIncludeFiles.c.o] Error 1
make: *** [cmTryCompileExec1379510419/fast] Error 2

Source:
/* */
#include <unicap.h>


int main(){return 0;}

Determining if files usb.h exist failed with the following output:
Change Dir: /home/chryel/Documents/Senior_Design/code/player-3.0.2/build/CMakeFiles/CMakeTmp

Run Build Command:/usr/bin/make "cmTryCompileExec292687796/fast"
/usr/bin/make -f CMakeFiles/cmTryCompileExec292687796.dir/build.make CMakeFiles/cmTryCompileExec292687796.dir/build
make[1]: Entering directory `/home/chryel/Documents/Senior_Design/code/player-3.0.2/build/CMakeFiles/CMakeTmp'
/usr/bin/cmake -E cmake_progress_report /home/chryel/Documents/Senior_Design/code/player-3.0.2/build/CMakeFiles/CMakeTmp/CMakeFiles 1
Building C object CMakeFiles/cmTryCompileExec292687796.dir/CheckIncludeFiles.c.o
/usr/bin/cc   -Wall    -o CMakeFiles/cmTryCompileExec292687796.dir/CheckIncludeFiles.c.o   -c /home/chryel/Documents/Senior_Design/code/player-3.0.2/build/CMakeFiles/CMakeTmp/CheckIncludeFiles.c
/home/chryel/Documents/Senior_Design/code/player-3.0.2/build/CMakeFiles/CMakeTmp/CheckIncludeFiles.c:2:17: fatal error: usb.h: No such file or directory
 #include <usb.h>
                 ^
compilation terminated.
make[1]: Leaving directory `/home/chryel/Documents/Senior_Design/code/player-3.0.2/build/CMakeFiles/CMakeTmp'
make[1]: *** [CMakeFiles/cmTryCompileExec292687796.dir/CheckIncludeFiles.c.o] Error 1
make: *** [cmTryCompileExec292687796/fast] Error 2

Source:
/* */
#include <usb.h>


int main(){return 0;}

Determining if the function main exists in the roboop failed with the following output:
Change Dir: /home/chryel/Documents/Senior_Design/code/player-3.0.2/build/CMakeFiles/CMakeTmp

Run Build Command:/usr/bin/make "cmTryCompileExec1906079599/fast"
/usr/bin/make -f CMakeFiles/cmTryCompileExec1906079599.dir/build.make CMakeFiles/cmTryCompileExec1906079599.dir/build
make[1]: Entering directory `/home/chryel/Documents/Senior_Design/code/player-3.0.2/build/CMakeFiles/CMakeTmp'
/usr/bin/cmake -E cmake_progress_report /home/chryel/Documents/Senior_Design/code/player-3.0.2/build/CMakeFiles/CMakeTmp/CMakeFiles 1
Building C object CMakeFiles/cmTryCompileExec1906079599.dir/CheckFunctionExists.c.o
/usr/bin/cc   -Wall -DCHECK_FUNCTION_EXISTS=main   -o CMakeFiles/cmTryCompileExec1906079599.dir/CheckFunctionExists.c.o   -c /usr/share/cmake-2.8/Modules/CheckFunctionExists.c
/usr/share/cmake-2.8/Modules/CheckFunctionExists.c:9:5: error: conflicting types for ‘main’
 int main(int ac, char*av[]){
     ^
<command-line>:0:23: note: previous declaration of ‘main’ was here
/usr/share/cmake-2.8/Modules/CheckFunctionExists.c:3:6: note: in expansion of macro ‘CHECK_FUNCTION_EXISTS’
 char CHECK_FUNCTION_EXISTS();
      ^
/usr/share/cmake-2.8/Modules/CheckFunctionExists.c: In function ‘main’:
/usr/share/cmake-2.8/Modules/CheckFunctionExists.c:11:3: error: too few arguments to function ‘main’
   CHECK_FUNCTION_EXISTS();
   ^
/usr/share/cmake-2.8/Modules/CheckFunctionExists.c:9:5: note: declared here
 int main(int ac, char*av[]){
     ^
make[1]: *** [CMakeFiles/cmTryCompileExec1906079599.dir/CheckFunctionExists.c.o] Error 1
make[1]: Leaving directory `/home/chryel/Documents/Senior_Design/code/player-3.0.2/build/CMakeFiles/CMakeTmp'
make: *** [cmTryCompileExec1906079599/fast] Error 2


Determining if files phidget21.h exist failed with the following output:
Change Dir: /home/chryel/Documents/Senior_Design/code/player-3.0.2/build/CMakeFiles/CMakeTmp

Run Build Command:/usr/bin/make "cmTryCompileExec1915091799/fast"
/usr/bin/make -f CMakeFiles/cmTryCompileExec1915091799.dir/build.make CMakeFiles/cmTryCompileExec1915091799.dir/build
make[1]: Entering directory `/home/chryel/Documents/Senior_Design/code/player-3.0.2/build/CMakeFiles/CMakeTmp'
/usr/bin/cmake -E cmake_progress_report /home/chryel/Documents/Senior_Design/code/player-3.0.2/build/CMakeFiles/CMakeTmp/CMakeFiles 1
Building C object CMakeFiles/cmTryCompileExec1915091799.dir/CheckIncludeFiles.c.o
/usr/bin/cc   -Wall    -o CMakeFiles/cmTryCompileExec1915091799.dir/CheckIncludeFiles.c.o   -c /home/chryel/Documents/Senior_Design/code/player-3.0.2/build/CMakeFiles/CMakeTmp/CheckIncludeFiles.c
/home/chryel/Documents/Senior_Design/code/player-3.0.2/build/CMakeFiles/CMakeTmp/CheckIncludeFiles.c:2:23: fatal error: phidget21.h: No such file or directory
 #include <phidget21.h>
                       ^
compilation terminated.
make[1]: Leaving directory `/home/chryel/Documents/Senior_Design/code/player-3.0.2/build/CMakeFiles/CMakeTmp'
make[1]: *** [CMakeFiles/cmTryCompileExec1915091799.dir/CheckIncludeFiles.c.o] Error 1
make: *** [cmTryCompileExec1915091799/fast] Error 2

Source:
/* */
#include <phidget21.h>


int main(){return 0;}

Determining if files /include/canlib.h exist failed with the following output:
Change Dir: /home/chryel/Documents/Senior_Design/code/player-3.0.2/build/CMakeFiles/CMakeTmp

Run Build Command:/usr/bin/make "cmTryCompileExec1260667121/fast"
/usr/bin/make -f CMakeFiles/cmTryCompileExec1260667121.dir/build.make CMakeFiles/cmTryCompileExec1260667121.dir/build
make[1]: Entering directory `/home/chryel/Documents/Senior_Design/code/player-3.0.2/build/CMakeFiles/CMakeTmp'
/usr/bin/cmake -E cmake_progress_report /home/chryel/Documents/Senior_Design/code/player-3.0.2/build/CMakeFiles/CMakeTmp/CMakeFiles 1
Building C object CMakeFiles/cmTryCompileExec1260667121.dir/CheckIncludeFiles.c.o
/usr/bin/cc   -Wall    -o CMakeFiles/cmTryCompileExec1260667121.dir/CheckIncludeFiles.c.o   -c /home/chryel/Documents/Senior_Design/code/player-3.0.2/build/CMakeFiles/CMakeTmp/CheckIncludeFiles.c
/home/chryel/Documents/Senior_Design/code/player-3.0.2/build/CMakeFiles/CMakeTmp/CheckIncludeFiles.c:2:29: fatal error: /include/canlib.h: No such file or directory
 #include </include/canlib.h>
                             ^
compilation terminated.
make[1]: Leaving directory `/home/chryel/Documents/Senior_Design/code/player-3.0.2/build/CMakeFiles/CMakeTmp'
make[1]: *** [CMakeFiles/cmTryCompileExec1260667121.dir/CheckIncludeFiles.c.o] Error 1
make: *** [cmTryCompileExec1260667121/fast] Error 2

Source:
/* */
#include </include/canlib.h>


int main(){return 0;}

Determining if files robotinocom.h exist failed with the following output:
Change Dir: /home/chryel/Documents/Senior_Design/code/player-3.0.2/build/CMakeFiles/CMakeTmp

Run Build Command:/usr/bin/make "cmTryCompileExec58404358/fast"
/usr/bin/make -f CMakeFiles/cmTryCompileExec58404358.dir/build.make CMakeFiles/cmTryCompileExec58404358.dir/build
make[1]: Entering directory `/home/chryel/Documents/Senior_Design/code/player-3.0.2/build/CMakeFiles/CMakeTmp'
/usr/bin/cmake -E cmake_progress_report /home/chryel/Documents/Senior_Design/code/player-3.0.2/build/CMakeFiles/CMakeTmp/CMakeFiles 1
Building C object CMakeFiles/cmTryCompileExec58404358.dir/CheckIncludeFiles.c.o
/usr/bin/cc   -Wall    -o CMakeFiles/cmTryCompileExec58404358.dir/CheckIncludeFiles.c.o   -c /home/chryel/Documents/Senior_Design/code/player-3.0.2/build/CMakeFiles/CMakeTmp/CheckIncludeFiles.c
/home/chryel/Documents/Senior_Design/code/player-3.0.2/build/CMakeFiles/CMakeTmp/CheckIncludeFiles.c:2:25: fatal error: robotinocom.h: No such file or directory
 #include <robotinocom.h>
                         ^
compilation terminated.
make[1]: Leaving directory `/home/chryel/Documents/Senior_Design/code/player-3.0.2/build/CMakeFiles/CMakeTmp'
make[1]: *** [CMakeFiles/cmTryCompileExec58404358.dir/CheckIncludeFiles.c.o] Error 1
make: *** [cmTryCompileExec58404358/fast] Error 2

Source:
/* */
#include <robotinocom.h>


int main(){return 0;}

Determining if files xtimer.h exist failed with the following output:
Change Dir: /home/chryel/Documents/Senior_Design/code/player-3.0.2/build/CMakeFiles/CMakeTmp

Run Build Command:/usr/bin/make "cmTryCompileExec1810813976/fast"
/usr/bin/make -f CMakeFiles/cmTryCompileExec1810813976.dir/build.make CMakeFiles/cmTryCompileExec1810813976.dir/build
make[1]: Entering directory `/home/chryel/Documents/Senior_Design/code/player-3.0.2/build/CMakeFiles/CMakeTmp'
/usr/bin/cmake -E cmake_progress_report /home/chryel/Documents/Senior_Design/code/player-3.0.2/build/CMakeFiles/CMakeTmp/CMakeFiles 1
Building C object CMakeFiles/cmTryCompileExec1810813976.dir/CheckIncludeFiles.c.o
/usr/bin/cc   -Wall    -o CMakeFiles/cmTryCompileExec1810813976.dir/CheckIncludeFiles.c.o   -c /home/chryel/Documents/Senior_Design/code/player-3.0.2/build/CMakeFiles/CMakeTmp/CheckIncludeFiles.c
/home/chryel/Documents/Senior_Design/code/player-3.0.2/build/CMakeFiles/CMakeTmp/CheckIncludeFiles.c:2:20: fatal error: xtimer.h: No such file or directory
 #include <xtimer.h>
                    ^
compilation terminated.
make[1]: Leaving directory `/home/chryel/Documents/Senior_Design/code/player-3.0.2/build/CMakeFiles/CMakeTmp'
make[1]: *** [CMakeFiles/cmTryCompileExec1810813976.dir/CheckIncludeFiles.c.o] Error 1
make: *** [cmTryCompileExec1810813976/fast] Error 2

Source:
/* */
#include <xtimer.h>


int main(){return 0;}

Determining if files xthread.h exist failed with the following output:
Change Dir: /home/chryel/Documents/Senior_Design/code/player-3.0.2/build/CMakeFiles/CMakeTmp

Run Build Command:/usr/bin/make "cmTryCompileExec265560374/fast"
/usr/bin/make -f CMakeFiles/cmTryCompileExec265560374.dir/build.make CMakeFiles/cmTryCompileExec265560374.dir/build
make[1]: Entering directory `/home/chryel/Documents/Senior_Design/code/player-3.0.2/build/CMakeFiles/CMakeTmp'
/usr/bin/cmake -E cmake_progress_report /home/chryel/Documents/Senior_Design/code/player-3.0.2/build/CMakeFiles/CMakeTmp/CMakeFiles 1
Building C object CMakeFiles/cmTryCompileExec265560374.dir/CheckIncludeFiles.c.o
/usr/bin/cc   -Wall    -o CMakeFiles/cmTryCompileExec265560374.dir/CheckIncludeFiles.c.o   -c /home/chryel/Documents/Senior_Design/code/player-3.0.2/build/CMakeFiles/CMakeTmp/CheckIncludeFiles.c
/home/chryel/Documents/Senior_Design/code/player-3.0.2/build/CMakeFiles/CMakeTmp/CheckIncludeFiles.c:2:21: fatal error: xthread.h: No such file or directory
 #include <xthread.h>
                     ^
compilation terminated.
make[1]: *** [CMakeFiles/cmTryCompileExec265560374.dir/CheckIncludeFiles.c.o] Error 1
make[1]: Leaving directory `/home/chryel/Documents/Senior_Design/code/player-3.0.2/build/CMakeFiles/CMakeTmp'
make: *** [cmTryCompileExec265560374/fast] Error 2

Source:
/* */
#include <xthread.h>


int main(){return 0;}

Determining if files libusbSR.h exist failed with the following output:
Change Dir: /home/chryel/Documents/Senior_Design/code/player-3.0.2/build/CMakeFiles/CMakeTmp

Run Build Command:/usr/bin/make "cmTryCompileExec526693157/fast"
/usr/bin/make -f CMakeFiles/cmTryCompileExec526693157.dir/build.make CMakeFiles/cmTryCompileExec526693157.dir/build
make[1]: Entering directory `/home/chryel/Documents/Senior_Design/code/player-3.0.2/build/CMakeFiles/CMakeTmp'
/usr/bin/cmake -E cmake_progress_report /home/chryel/Documents/Senior_Design/code/player-3.0.2/build/CMakeFiles/CMakeTmp/CMakeFiles 1
Building C object CMakeFiles/cmTryCompileExec526693157.dir/CheckIncludeFiles.c.o
/usr/bin/cc   -Wall    -o CMakeFiles/cmTryCompileExec526693157.dir/CheckIncludeFiles.c.o   -c /home/chryel/Documents/Senior_Design/code/player-3.0.2/build/CMakeFiles/CMakeTmp/CheckIncludeFiles.c
/home/chryel/Documents/Senior_Design/code/player-3.0.2/build/CMakeFiles/CMakeTmp/CheckIncludeFiles.c:2:22: fatal error: libusbSR.h: No such file or directory
 #include <libusbSR.h>
                      ^
compilation terminated.
make[1]: Leaving directory `/home/chryel/Documents/Senior_Design/code/player-3.0.2/build/CMakeFiles/CMakeTmp'
make[1]: *** [CMakeFiles/cmTryCompileExec526693157.dir/CheckIncludeFiles.c.o] Error 1
make: *** [cmTryCompileExec526693157/fast] Error 2

Source:
/* */
#include <libusbSR.h>


int main(){return 0;}

Determining if the include file libMesaSR.h exists failed with the following output:
Change Dir: /home/chryel/Documents/Senior_Design/code/player-3.0.2/build/CMakeFiles/CMakeTmp

Run Build Command:/usr/bin/make "cmTryCompileExec3924727297/fast"
/usr/bin/make -f CMakeFiles/cmTryCompileExec3924727297.dir/build.make CMakeFiles/cmTryCompileExec3924727297.dir/build
make[1]: Entering directory `/home/chryel/Documents/Senior_Design/code/player-3.0.2/build/CMakeFiles/CMakeTmp'
/usr/bin/cmake -E cmake_progress_report /home/chryel/Documents/Senior_Design/code/player-3.0.2/build/CMakeFiles/CMakeTmp/CMakeFiles 1
Building CXX object CMakeFiles/cmTryCompileExec3924727297.dir/CheckIncludeFile.cxx.o
/usr/bin/c++    -Wall    -o CMakeFiles/cmTryCompileExec3924727297.dir/CheckIncludeFile.cxx.o -c /home/chryel/Documents/Senior_Design/code/player-3.0.2/build/CMakeFiles/CMakeTmp/CheckIncludeFile.cxx
/home/chryel/Documents/Senior_Design/code/player-3.0.2/build/CMakeFiles/CMakeTmp/CheckIncludeFile.cxx:1:23: fatal error: libMesaSR.h: No such file or directory
 #include <libMesaSR.h>
                       ^
compilation terminated.
make[1]: Leaving directory `/home/chryel/Documents/Senior_Design/code/player-3.0.2/build/CMakeFiles/CMakeTmp'
make[1]: *** [CMakeFiles/cmTryCompileExec3924727297.dir/CheckIncludeFile.cxx.o] Error 1
make: *** [cmTryCompileExec3924727297/fast] Error 2


Determining if files isense/isense.h exist failed with the following output:
Change Dir: /home/chryel/Documents/Senior_Design/code/player-3.0.2/build/CMakeFiles/CMakeTmp

Run Build Command:/usr/bin/make "cmTryCompileExec975426563/fast"
/usr/bin/make -f CMakeFiles/cmTryCompileExec975426563.dir/build.make CMakeFiles/cmTryCompileExec975426563.dir/build
make[1]: Entering directory `/home/chryel/Documents/Senior_Design/code/player-3.0.2/build/CMakeFiles/CMakeTmp'
/usr/bin/cmake -E cmake_progress_report /home/chryel/Documents/Senior_Design/code/player-3.0.2/build/CMakeFiles/CMakeTmp/CMakeFiles 1
Building C object CMakeFiles/cmTryCompileExec975426563.dir/CheckIncludeFiles.c.o
/usr/bin/cc   -Wall    -o CMakeFiles/cmTryCompileExec975426563.dir/CheckIncludeFiles.c.o   -c /home/chryel/Documents/Senior_Design/code/player-3.0.2/build/CMakeFiles/CMakeTmp/CheckIncludeFiles.c
/home/chryel/Documents/Senior_Design/code/player-3.0.2/build/CMakeFiles/CMakeTmp/CheckIncludeFiles.c:2:27: fatal error: isense/isense.h: No such file or directory
 #include <isense/isense.h>
                           ^
compilation terminated.
make[1]: Leaving directory `/home/chryel/Documents/Senior_Design/code/player-3.0.2/build/CMakeFiles/CMakeTmp'
make[1]: *** [CMakeFiles/cmTryCompileExec975426563.dir/CheckIncludeFiles.c.o] Error 1
make: *** [cmTryCompileExec975426563/fast] Error 2

Source:
/* */
#include <isense/isense.h>


int main(){return 0;}

Determining if files sphinx2/ckd_alloc.h exist failed with the following output:
Change Dir: /home/chryel/Documents/Senior_Design/code/player-3.0.2/build/CMakeFiles/CMakeTmp

Run Build Command:/usr/bin/make "cmTryCompileExec1011140133/fast"
/usr/bin/make -f CMakeFiles/cmTryCompileExec1011140133.dir/build.make CMakeFiles/cmTryCompileExec1011140133.dir/build
make[1]: Entering directory `/home/chryel/Documents/Senior_Design/code/player-3.0.2/build/CMakeFiles/CMakeTmp'
/usr/bin/cmake -E cmake_progress_report /home/chryel/Documents/Senior_Design/code/player-3.0.2/build/CMakeFiles/CMakeTmp/CMakeFiles 1
Building C object CMakeFiles/cmTryCompileExec1011140133.dir/CheckIncludeFiles.c.o
/usr/bin/cc   -Wall    -o CMakeFiles/cmTryCompileExec1011140133.dir/CheckIncludeFiles.c.o   -c /home/chryel/Documents/Senior_Design/code/player-3.0.2/build/CMakeFiles/CMakeTmp/CheckIncludeFiles.c
/home/chryel/Documents/Senior_Design/code/player-3.0.2/build/CMakeFiles/CMakeTmp/CheckIncludeFiles.c:2:31: fatal error: sphinx2/ckd_alloc.h: No such file or directory
 #include <sphinx2/ckd_alloc.h>
                               ^
compilation terminated.
make[1]: *** [CMakeFiles/cmTryCompileExec1011140133.dir/CheckIncludeFiles.c.o] Error 1
make[1]: Leaving directory `/home/chryel/Documents/Senior_Design/code/player-3.0.2/build/CMakeFiles/CMakeTmp'
make: *** [cmTryCompileExec1011140133/fast] Error 2

Source:
/* */
#include <sphinx2/ckd_alloc.h>


int main(){return 0;}

Determining if the include file SVS/svsclass.h exists failed with the following output:
Change Dir: /home/chryel/Documents/Senior_Design/code/player-3.0.2/build/CMakeFiles/CMakeTmp

Run Build Command:/usr/bin/make "cmTryCompileExec3311871823/fast"
/usr/bin/make -f CMakeFiles/cmTryCompileExec3311871823.dir/build.make CMakeFiles/cmTryCompileExec3311871823.dir/build
make[1]: Entering directory `/home/chryel/Documents/Senior_Design/code/player-3.0.2/build/CMakeFiles/CMakeTmp'
/usr/bin/cmake -E cmake_progress_report /home/chryel/Documents/Senior_Design/code/player-3.0.2/build/CMakeFiles/CMakeTmp/CMakeFiles 1
Building CXX object CMakeFiles/cmTryCompileExec3311871823.dir/CheckIncludeFile.cxx.o
/usr/bin/c++    -Wall    -o CMakeFiles/cmTryCompileExec3311871823.dir/CheckIncludeFile.cxx.o -c /home/chryel/Documents/Senior_Design/code/player-3.0.2/build/CMakeFiles/CMakeTmp/CheckIncludeFile.cxx
/home/chryel/Documents/Senior_Design/code/player-3.0.2/build/CMakeFiles/CMakeTmp/CheckIncludeFile.cxx:1:26: fatal error: SVS/svsclass.h: No such file or directory
 #include <SVS/svsclass.h>
                          ^
compilation terminated.
make[1]: Leaving directory `/home/chryel/Documents/Senior_Design/code/player-3.0.2/build/CMakeFiles/CMakeTmp'
make[1]: *** [CMakeFiles/cmTryCompileExec3311871823.dir/CheckIncludeFile.cxx.o] Error 1
make: *** [cmTryCompileExec3311871823/fast] Error 2


Determining if files linux/wireless.h exist failed with the following output:
Change Dir: /home/chryel/Documents/Senior_Design/code/player-3.0.2/build/CMakeFiles/CMakeTmp

Run Build Command:/usr/bin/make "cmTryCompileExec1390614665/fast"
/usr/bin/make -f CMakeFiles/cmTryCompileExec1390614665.dir/build.make CMakeFiles/cmTryCompileExec1390614665.dir/build
make[1]: Entering directory `/home/chryel/Documents/Senior_Design/code/player-3.0.2/build/CMakeFiles/CMakeTmp'
/usr/bin/cmake -E cmake_progress_report /home/chryel/Documents/Senior_Design/code/player-3.0.2/build/CMakeFiles/CMakeTmp/CMakeFiles 1
Building C object CMakeFiles/cmTryCompileExec1390614665.dir/CheckIncludeFiles.c.o
/usr/bin/cc   -Wall    -o CMakeFiles/cmTryCompileExec1390614665.dir/CheckIncludeFiles.c.o   -c /home/chryel/Documents/Senior_Design/code/player-3.0.2/build/CMakeFiles/CMakeTmp/CheckIncludeFiles.c
In file included from /usr/include/linux/wireless.h:74:0,
                 from /home/chryel/Documents/Senior_Design/code/player-3.0.2/build/CMakeFiles/CMakeTmp/CheckIncludeFiles.c:2:
/usr/include/linux/if.h:185:19: error: field ‘ifru_addr’ has incomplete type
   struct sockaddr ifru_addr;
                   ^
/usr/include/linux/if.h:186:19: error: field ‘ifru_dstaddr’ has incomplete type
   struct sockaddr ifru_dstaddr;
                   ^
/usr/include/linux/if.h:187:19: error: field ‘ifru_broadaddr’ has incomplete type
   struct sockaddr ifru_broadaddr;
                   ^
/usr/include/linux/if.h:188:19: error: field ‘ifru_netmask’ has incomplete type
   struct sockaddr ifru_netmask;
                   ^
/usr/include/linux/if.h:189:20: error: field ‘ifru_hwaddr’ has incomplete type
   struct  sockaddr ifru_hwaddr;
                    ^
In file included from /home/chryel/Documents/Senior_Design/code/player-3.0.2/build/CMakeFiles/CMakeTmp/CheckIncludeFiles.c:2:0:
/usr/include/linux/wireless.h:751:19: error: field ‘addr’ has incomplete type
  struct sockaddr  addr;  /* Source address (hw/mac) */
                   ^
/usr/include/linux/wireless.h:777:18: error: field ‘bssid’ has incomplete type
  struct sockaddr bssid; /* ff:ff:ff:ff:ff:ff for broadcast BSSID or
                  ^
/usr/include/linux/wireless.h:835:18: error: field ‘addr’ has incomplete type
  struct sockaddr addr; /* ff:ff:ff:ff:ff:ff for broadcast/multicast
                  ^
/usr/include/linux/wireless.h:848:18: error: field ‘addr’ has incomplete type
  struct sockaddr addr;
                  ^
/usr/include/linux/wireless.h:861:18: error: field ‘bssid’ has incomplete type
  struct sockaddr bssid;
                  ^
/usr/include/linux/wireless.h:869:18: error: field ‘src_addr’ has incomplete type
  struct sockaddr src_addr;
                  ^
/usr/include/linux/wireless.h:880:18: error: field ‘bssid’ has incomplete type
  struct sockaddr bssid;
                  ^
/usr/include/linux/wireless.h:934:18: error: field ‘ap_addr’ has incomplete type
  struct sockaddr ap_addr; /* Access point address */
                  ^
/usr/include/linux/wireless.h:935:18: error: field ‘addr’ has incomplete type
  struct sockaddr addr;  /* Destination address (hw/mac) */
                  ^
make[1]: *** [CMakeFiles/cmTryCompileExec1390614665.dir/CheckIncludeFiles.c.o] Error 1
make[1]: Leaving directory `/home/chryel/Documents/Senior_Design/code/player-3.0.2/build/CMakeFiles/CMakeTmp'
make: *** [cmTryCompileExec1390614665/fast] Error 2

Source:
/* */
#include <linux/wireless.h>


int main(){return 0;}

Determining if files libparticle.h exist failed with the following output:
Change Dir: /home/chryel/Documents/Senior_Design/code/player-3.0.2/build/CMakeFiles/CMakeTmp

Run Build Command:/usr/bin/make "cmTryCompileExec3540286195/fast"
/usr/bin/make -f CMakeFiles/cmTryCompileExec3540286195.dir/build.make CMakeFiles/cmTryCompileExec3540286195.dir/build
make[1]: Entering directory `/home/chryel/Documents/Senior_Design/code/player-3.0.2/build/CMakeFiles/CMakeTmp'
/usr/bin/cmake -E cmake_progress_report /home/chryel/Documents/Senior_Design/code/player-3.0.2/build/CMakeFiles/CMakeTmp/CMakeFiles 1
Building C object CMakeFiles/cmTryCompileExec3540286195.dir/CheckIncludeFiles.c.o
/usr/bin/cc   -Wall    -o CMakeFiles/cmTryCompileExec3540286195.dir/CheckIncludeFiles.c.o   -c /home/chryel/Documents/Senior_Design/code/player-3.0.2/build/CMakeFiles/CMakeTmp/CheckIncludeFiles.c
/home/chryel/Documents/Senior_Design/code/player-3.0.2/build/CMakeFiles/CMakeTmp/CheckIncludeFiles.c:2:25: fatal error: libparticle.h: No such file or directory
 #include <libparticle.h>
                         ^
compilation terminated.
make[1]: Leaving directory `/home/chryel/Documents/Senior_Design/code/player-3.0.2/build/CMakeFiles/CMakeTmp'
make[1]: *** [CMakeFiles/cmTryCompileExec3540286195.dir/CheckIncludeFiles.c.o] Error 1
make: *** [cmTryCompileExec3540286195/fast] Error 2

Source:
/* */
#include <libparticle.h>


int main(){return 0;}

